<?xml version="1.0" encoding="UTF-8"?>
<testng-results skipped="0" failed="0" total="3" passed="3">
  <reporter-output>
  </reporter-output>
  <suite name="Default suite" duration-ms="12931" started-at="2019-06-18T09:00:28Z" finished-at="2019-06-18T09:00:41Z">
    <groups>
    </groups>
    <test name="Default test" duration-ms="12931" started-at="2019-06-18T09:00:28Z" finished-at="2019-06-18T09:00:41Z">
      <class name="tests.LoginTests">
        <test-method status="PASS" signature="launchHomePage()[pri:0, instance:tests.LoginTests@27efef64]" name="launchHomePage" is-config="true" duration-ms="5809" started-at="2019-06-18T11:00:28Z" finished-at="2019-06-18T11:00:34Z">
          <reporter-output>
          </reporter-output>
        </test-method> <!-- launchHomePage -->
        <test-method status="PASS" signature="UsernamePswdLoginTest()[pri:0, instance:tests.LoginTests@27efef64]" name="UsernamePswdLoginTest" duration-ms="2530" started-at="2019-06-18T11:00:34Z" description="enter loginid as blank and  check login functionality" finished-at="2019-06-18T11:00:37Z">
          <reporter-output>
          </reporter-output>
        </test-method> <!-- UsernamePswdLoginTest -->
        <test-method status="PASS" signature="loginWithIDTest()[pri:0, instance:tests.LoginTests@27efef64]" name="loginWithIDTest" duration-ms="1447" started-at="2019-06-18T11:00:37Z" description="enter loginid as test and check login functionality" finished-at="2019-06-18T11:00:38Z">
          <reporter-output>
          </reporter-output>
        </test-method> <!-- loginWithIDTest -->
        <test-method status="PASS" signature="validLoginTest()[pri:0, instance:tests.LoginTests@27efef64]" name="validLoginTest" duration-ms="2478" started-at="2019-06-18T11:00:38Z" description="enter loginid and pswd and check login functionality" finished-at="2019-06-18T11:00:41Z">
          <reporter-output>
          </reporter-output>
        </test-method> <!-- validLoginTest -->
        <test-method status="PASS" signature="closeBrowser()[pri:0, instance:tests.LoginTests@27efef64]" name="closeBrowser" is-config="true" duration-ms="653" started-at="2019-06-18T11:00:41Z" finished-at="2019-06-18T11:00:41Z">
          <reporter-output>
          </reporter-output>
        </test-method> <!-- closeBrowser -->
      </class> <!-- tests.LoginTests -->
    </test> <!-- Default test -->
  </suite> <!-- Default suite -->
</testng-results>
